<?xml version="1.0" encoding="UTF-8"?>
<!-- Generated by org.testng.reporters.JUnitReportReporter -->
<testsuite skipped="0" hostname="DESKTOP-12UQFBR" name="org.testing.testscripts.TC1" tests="1" failures="0" timestamp="22 Jan 2019 14:26:36 GMT" time="28.904" errors="0">
  <testcase name="f" time="28.904" classname="org.testing.testscripts.TC1"/>
</testsuite> <!-- org.testing.testscripts.TC1 -->
